<?xml version="1.0" encoding="UTF-8"?>
<!-- Generated by org.testng.reporters.JUnitXMLReporter -->
<testsuite ignored="0" hostname="RKAINS007" failures="0" tests="3" name="Test" time="32.221" errors="0" timestamp="22 Jun 2023 09:49:07 GMT">
  <testcase classname="com.makemytrip.testLayer.MakeMyTripTest1" name="PopUp" time="20.504"/>
  <testcase classname="com.makemytrip.testLayer.MakeMyTripTest1" name="Flex" time="3.165"/>
  <testcase classname="com.makemytrip.testLayer.MakeMyTripTest1" name="LogoImageTest" time="0.051"/>
</testsuite> <!-- Test -->
